<?xml version="1.0" encoding="UTF-8"?>
<!-- Generated by org.testng.reporters.JUnitReportReporter -->
<testsuite skipped="0" hostname="TM009MSGP.local" name="runner.CucumberRunnerTests" tests="1" failures="0" timestamp="2022-09-24T22:34:01 SGT" time="5.848" errors="0">
  <testcase name="runScenario" time="5.848" classname="runner.CucumberRunnerTests"/>
  <system-out/>
</testsuite> <!-- runner.CucumberRunnerTests -->
